<?xml version="1.0" encoding="UTF-8"?>
<!-- Generated by org.testng.reporters.JUnitXMLReporter -->
<testsuite hostname="US5CG7192HT9" ignored="0" name="Test" tests="5" failures="0" timestamp="14 Jun 2019 07:20:36 GMT" time="0.209" errors="0">
  <testcase name="HomeloanTest" time="0.039" classname="qaclickacademy.Test2"/>
  <testcase name="StudyloanTest" time="0.001" classname="qaclickacademy.Test2"/>
  <testcase name="carloanTest" time="0.002" classname="qaclickacademy.Test2"/>
  <testcase name="MobileAutomation" time="0.001" classname="qaclickacademy.Test1"/>
  <testcase name="browserAutomation" time="0.001" classname="qaclickacademy.Test1"/>
</testsuite> <!-- Test -->
